[backblue.gif]
[fade.gif]
[index.html]
[kute-themes.com/html/kuteshop/html/assets/images/fr.jpg]
[kute-themes.com/html/kuteshop/html/assets/images/en.jpg]
[kute-themes.com/html/kuteshop/html/assets/data/option3/logo3.png]
[kute-themes.com/html/kuteshop/html/assets/data/product-100x122.jpg]
[kute-themes.com/html/kuteshop/html/assets/data/product-s5-100x122.jpg]
[kute-themes.com/html/kuteshop/html/assets/data/12.png]
[kute-themes.com/html/kuteshop/html/assets/data/13.png]
[kute-themes.com/html/kuteshop/html/assets/data/banner-megamenu.jpg]
[kute-themes.com/html/kuteshop/html/assets/data/14.png]
[kute-themes.com/html/kuteshop/html/assets/data/15.png]
[kute-themes.com/html/kuteshop/html/assets/data/16.png]
[kute-themes.com/html/kuteshop/html/assets/data/p10.jpg]
[kute-themes.com/html/kuteshop/html/assets/data/p11.jpg]
[kute-themes.com/html/kuteshop/html/assets/data/p12.jpg]
[kute-themes.com/html/kuteshop/html/assets/data/p13.jpg]
[kute-themes.com/html/kuteshop/html/assets/data/17.png]
[kute-themes.com/html/kuteshop/html/assets/data/18.png]
[kute-themes.com/html/kuteshop/html/assets/data/19.png]
[kute-themes.com/html/kuteshop/html/assets/data/20.png]
[kute-themes.com/html/kuteshop/html/assets/data/21.png]
[kute-themes.com/html/kuteshop/html/assets/data/22.png]
[kute-themes.com/html/kuteshop/html/assets/data/men.png]
[kute-themes.com/html/kuteshop/html/assets/data/women.png]
[kute-themes.com/html/kuteshop/html/assets/data/kid.png]
[kute-themes.com/html/kuteshop/html/assets/data/trending.png]
[kute-themes.com/html/kuteshop/html/assets/data/banner-topmenu.jpg]
[kute-themes.com/html/kuteshop/html/assets/data/option3/slider1.jpg]
[kute-themes.com/html/kuteshop/html/assets/data/option3/slider2.jpg]
[kute-themes.com/html/kuteshop/html/assets/data/option3/slider3.jpg]
[kute-themes.com/html/kuteshop/html/assets/data/option3/p1.jpg]
[kute-themes.com/html/kuteshop/html/assets/data/option3/p2.jpg]
[kute-themes.com/html/kuteshop/html/assets/data/option3/p41.jpg]
[kute-themes.com/html/kuteshop/html/assets/data/option3/p42.jpg]
[kute-themes.com/html/kuteshop/html/assets/data/s1.png]
[kute-themes.com/html/kuteshop/html/assets/data/s2.png]
[kute-themes.com/html/kuteshop/html/assets/data/s3.png]
[kute-themes.com/html/kuteshop/html/assets/data/s4.png]
[kute-themes.com/html/kuteshop/html/assets/data/option3/p3.jpg]
[kute-themes.com/html/kuteshop/html/assets/data/option3/p4.jpg]
[kute-themes.com/html/kuteshop/html/assets/data/option3/p5.jpg]
[kute-themes.com/html/kuteshop/html/assets/data/option3/p6.jpg]
[kute-themes.com/html/kuteshop/html/assets/data/option3/p7.jpg]
[kute-themes.com/html/kuteshop/html/assets/data/option3/p8.jpg]
[kute-themes.com/html/kuteshop/html/assets/data/option3/p9.jpg]
[kute-themes.com/html/kuteshop/html/assets/data/option3/p10.jpg]
[kute-themes.com/html/kuteshop/html/assets/data/option3/p11.jpg]
[kute-themes.com/html/kuteshop/html/assets/data/option3/p12.jpg]
[kute-themes.com/html/kuteshop/html/assets/data/option3/adv1.jpg]
[kute-themes.com/html/kuteshop/html/assets/data/option3/p13.jpg]
[kute-themes.com/html/kuteshop/html/assets/data/option3/p14.jpg]
[kute-themes.com/html/kuteshop/html/assets/data/option3/p15.jpg]
[kute-themes.com/html/kuteshop/html/assets/data/option3/p16.jpg]
[kute-themes.com/html/kuteshop/html/assets/data/option3/p17.jpg]
[kute-themes.com/html/kuteshop/html/assets/data/option3/p18.jpg]
[kute-themes.com/html/kuteshop/html/assets/data/option3/p19.jpg]
[kute-themes.com/html/kuteshop/html/assets/data/option3/p20.jpg]
[kute-themes.com/html/kuteshop/html/assets/data/option3/p21.jpg]
[kute-themes.com/html/kuteshop/html/assets/data/option3/adv2.jpg]
[kute-themes.com/html/kuteshop/html/assets/data/option3/banner1.jpg]
[kute-themes.com/html/kuteshop/html/assets/data/option3/banner2.jpg]
[kute-themes.com/html/kuteshop/html/assets/data/option3/adv3.jpg]
[kute-themes.com/html/kuteshop/html/assets/data/option3/p22.jpg]
[kute-themes.com/html/kuteshop/html/assets/data/option3/p23.jpg]
[kute-themes.com/html/kuteshop/html/assets/data/option3/p24.jpg]
[kute-themes.com/html/kuteshop/html/assets/data/option3/p25.jpg]
[kute-themes.com/html/kuteshop/html/assets/data/option3/p26.jpg]
[kute-themes.com/html/kuteshop/html/assets/data/option3/p27.jpg]
[kute-themes.com/html/kuteshop/html/assets/data/option3/p28.jpg]
[kute-themes.com/html/kuteshop/html/assets/data/option3/p29.jpg]
[kute-themes.com/html/kuteshop/html/assets/data/option3/p30.jpg]
[kute-themes.com/html/kuteshop/html/assets/data/option3/adv4.jpg]
[kute-themes.com/html/kuteshop/html/assets/data/option3/p40.jpg]
[kute-themes.com/html/kuteshop/html/assets/data/option3/p31.jpg]
[kute-themes.com/html/kuteshop/html/assets/data/option3/p32.jpg]
[kute-themes.com/html/kuteshop/html/assets/data/option3/p33.jpg]
[kute-themes.com/html/kuteshop/html/assets/data/option3/p34.jpg]
[kute-themes.com/html/kuteshop/html/assets/data/option3/p35.jpg]
[kute-themes.com/html/kuteshop/html/assets/data/option3/p36.jpg]
[kute-themes.com/html/kuteshop/html/assets/data/option3/p37.jpg]
[kute-themes.com/html/kuteshop/html/assets/data/option3/p38.jpg]
[kute-themes.com/html/kuteshop/html/assets/data/option3/p39.jpg]
[kute-themes.com/html/kuteshop/html/assets/data/option3/blog1.jpg]
[kute-themes.com/html/kuteshop/html/assets/data/option3/blog2.jpg]
[kute-themes.com/html/kuteshop/html/assets/data/option3/blog3.jpg]
[kute-themes.com/html/kuteshop/html/assets/data/option3/blog4.jpg]
[kute-themes.com/html/kuteshop/html/assets/data/option3/payment-logo.png]
[kute-themes.com/html/kuteshop/html/assets/lib/jquery/jquery-1.11.2.min.js]
[kute-themes.com/html/kuteshop/html/assets/lib/bootstrap/js/bootstrap.min.js]
[kute-themes.com/html/kuteshop/html/assets/lib/select2/js/select2.min.js]
[kute-themes.com/html/kuteshop/html/assets/lib/jquery.bxslider/jquery.bxslider.min.js]
[kute-themes.com/html/kuteshop/html/assets/lib/owl.carousel/owl.carousel.min.js]
[kute-themes.com/html/kuteshop/html/assets/lib/countdown/jquery.plugin.js]
[kute-themes.com/html/kuteshop/html/assets/lib/countdown/jquery.countdown.js]
[kute-themes.com/html/kuteshop/html/assets/lib/fancyBox/jquery.fancybox.js]
[kute-themes.com/html/kuteshop/html/assets/js/jquery.actual.min.js]
[kute-themes.com/html/kuteshop/html/assets/js/theme-script.js]
[kute-themes.com/html/kuteshop/html/index3.html]
[kute-themes.com/html/kuteshop/html/assets/lib/bootstrap/fonts/glyphicons-halflings-regular.eot]
[kute-themes.com/html/kuteshop/html/assets/lib/bootstrap/fonts/glyphicons-halflings-regular.woff2]
[kute-themes.com/html/kuteshop/html/assets/lib/bootstrap/fonts/glyphicons-halflings-regulard41d.eot]
[kute-themes.com/html/kuteshop/html/assets/lib/bootstrap/fonts/glyphicons-halflings-regular.woff]
[kute-themes.com/html/kuteshop/html/assets/lib/bootstrap/fonts/glyphicons-halflings-regular.ttf]
[kute-themes.com/html/kuteshop/html/assets/lib/bootstrap/css/bootstrap.min.css]
[kute-themes.com/html/kuteshop/html/assets/lib/font-awesome/fonts/fontawesome-webfonte0a5.eot]
[kute-themes.com/html/kuteshop/html/assets/lib/font-awesome/fonts/fontawesome-webfontd41d.eot]
[kute-themes.com/html/kuteshop/html/assets/lib/font-awesome/fonts/fontawesome-webfonte0a5.woff2]
[kute-themes.com/html/kuteshop/html/assets/lib/font-awesome/fonts/fontawesome-webfonte0a5.woff]
[kute-themes.com/html/kuteshop/html/assets/lib/font-awesome/fonts/fontawesome-webfonte0a5.ttf]
[kute-themes.com/html/kuteshop/html/assets/lib/font-awesome/css/font-awesome.min.css]
[kute-themes.com/html/kuteshop/html/assets/lib/select2/css/select2.min.css]
[kute-themes.com/html/kuteshop/html/assets/lib/jquery.bxslider/images/bx_loader.gif]
[kute-themes.com/html/kuteshop/html/assets/lib/jquery.bxslider/images/controls.png]
[kute-themes.com/html/kuteshop/html/assets/lib/jquery.bxslider/jquery.bxslider.css]
[kute-themes.com/html/kuteshop/html/assets/lib/owl.carousel/owl.carousel.css]
[kute-themes.com/html/kuteshop/html/assets/lib/jquery-ui/images/ui-bg_highlight-soft_100_eeeeee_1x100.png]
[kute-themes.com/html/kuteshop/html/assets/lib/jquery-ui/images/ui-bg_gloss-wave_35_f6a828_500x100.png]
[kute-themes.com/html/kuteshop/html/assets/lib/jquery-ui/images/ui-bg_glass_100_f6f6f6_1x400.png]
[kute-themes.com/html/kuteshop/html/assets/lib/jquery-ui/images/ui-bg_glass_100_fdf5ce_1x400.png]
[kute-themes.com/html/kuteshop/html/assets/lib/jquery-ui/images/ui-bg_glass_65_ffffff_1x400.png]
[kute-themes.com/html/kuteshop/html/assets/lib/jquery-ui/images/ui-bg_highlight-soft_75_ffe45c_1x100.png]
[kute-themes.com/html/kuteshop/html/assets/lib/jquery-ui/images/ui-bg_diagonals-thick_18_b81900_40x40.png]
[kute-themes.com/html/kuteshop/html/assets/lib/jquery-ui/images/ui-icons_222222_256x240.png]
[kute-themes.com/html/kuteshop/html/assets/lib/jquery-ui/images/ui-icons_ffffff_256x240.png]
[kute-themes.com/html/kuteshop/html/assets/lib/jquery-ui/images/ui-icons_ef8c08_256x240.png]
[kute-themes.com/html/kuteshop/html/assets/lib/jquery-ui/images/ui-icons_228ef1_256x240.png]
[kute-themes.com/html/kuteshop/html/assets/lib/jquery-ui/images/ui-icons_ffd27a_256x240.png]
[kute-themes.com/html/kuteshop/html/assets/lib/jquery-ui/images/ui-bg_diagonals-thick_20_666666_40x40.png]
[kute-themes.com/html/kuteshop/html/assets/lib/jquery-ui/images/ui-bg_flat_10_000000_40x100.png]
[kute-themes.com/html/kuteshop/html/assets/lib/jquery-ui/jquery-ui.css]
[kute-themes.com/html/kuteshop/html/assets/lib/fancyBox/fancybox_sprite.png]
[kute-themes.com/html/kuteshop/html/assets/lib/fancyBox/fancybox_loading.gif]
[kute-themes.com/html/kuteshop/html/assets/lib/fancyBox/blank.gif]
[kute-themes.com/html/kuteshop/html/assets/lib/fancyBox/fancybox_overlay.png]
[kute-themes.com/html/kuteshop/html/assets/lib/fancyBox/fancybox_sprite@2x.png]
[kute-themes.com/html/kuteshop/html/assets/lib/fancyBox/fancybox_loading@2x.gif]
[kute-themes.com/html/kuteshop/html/assets/lib/fancyBox/jquery.fancybox.css]
[kute-themes.com/html/kuteshop/html/assets/css/animate.css]
[kute-themes.com/html/kuteshop/html/assets/css/reset.css]
[kute-themes.com/html/kuteshop/html/assets/fonts/Montserrat-Regular.otf]
[kute-themes.com/html/kuteshop/html/assets/fonts/Montserrat-Bold.otf]
[kute-themes.com/html/kuteshop/html/assets/fonts/Montserrat-UltraLight.otf]
[kute-themes.com/html/kuteshop/html/assets/fonts/Montserrat-Light.otf]
[kute-themes.com/html/kuteshop/html/assets/fonts/Montserrat-Black.otf]
[kute-themes.com/html/kuteshop/html/assets/fonts/Montserrat-SemiBold.otf]
[kute-themes.com/html/kuteshop/html/assets/images/fb.jpg]
[kute-themes.com/html/kuteshop/html/assets/images/Preloader_4.gif]
[kute-themes.com/html/kuteshop/html/assets/images/up.png]
[kute-themes.com/html/kuteshop/html/assets/images/down.png]
[kute-themes.com/html/kuteshop/html/assets/images/bg-top-banner.jpg]
[kute-themes.com/html/kuteshop/html/assets/images/btn-close.png]
[kute-themes.com/html/kuteshop/html/assets/images/search.png]
[kute-themes.com/html/kuteshop/html/assets/images/cart.png]
[kute-themes.com/html/kuteshop/html/assets/images/delete_icon.png]
[kute-themes.com/html/kuteshop/html/assets/images/notify.png]
[kute-themes.com/html/kuteshop/html/assets/images/notify-right.png]
[kute-themes.com/html/kuteshop/html/assets/images/kak.png]
[kute-themes.com/html/kuteshop/html/assets/images/bar.png]
[kute-themes.com/html/kuteshop/html/assets/images/floor-elevator.png]
[kute-themes.com/html/kuteshop/html/assets/images/latest-deal-title.png]
[kute-themes.com/html/kuteshop/html/assets/images/add-cart.png]
[kute-themes.com/html/kuteshop/html/assets/images/price-percent-br.png]
[kute-themes.com/html/kuteshop/html/assets/images/featured2.png]
[kute-themes.com/html/kuteshop/html/assets/data/cate-readmore-arrow.png]
[kute-themes.com/html/kuteshop/html/assets/images/range-icon.png]
[kute-themes.com/html/kuteshop/html/assets/images/checkbox.png]
[kute-themes.com/html/kuteshop/html/assets/images/checked.png]
[kute-themes.com/html/kuteshop/html/assets/images/grid-view-bg.png]
[kute-themes.com/html/kuteshop/html/assets/images/list-view-bg.png]
[kute-themes.com/html/kuteshop/html/assets/images/dropdown.png]
[kute-themes.com/html/kuteshop/html/assets/images/icon-cart-round.png]
[kute-themes.com/html/kuteshop/html/assets/images/icon-heart-round.png]
[kute-themes.com/html/kuteshop/html/assets/images/icon-compare-round.png]
[kute-themes.com/html/kuteshop/html/assets/images/brand_prlx_bg-small.jpg]
[kute-themes.com/html/kuteshop/html/assets/images/kak3.png]
[kute-themes.com/html/kuteshop/html/assets/images/icon-quick-view.png]
[kute-themes.com/html/kuteshop/html/assets/images/icon-add-tocart.png]
[kute-themes.com/html/kuteshop/html/assets/images/icon-compare.png]
[kute-themes.com/html/kuteshop/html/assets/images/service-bg.jpg]
[kute-themes.com/html/kuteshop/html/assets/images/icon-cart12.png]
[kute-themes.com/html/kuteshop/html/assets/images/cart12.png]
[kute-themes.com/html/kuteshop/html/assets/images/wishlist12.png]
[kute-themes.com/html/kuteshop/html/assets/images/compare12.png]
[kute-themes.com/html/kuteshop/html/assets/images/quickview12.png]
[kute-themes.com/html/kuteshop/html/assets/data/option12/women.png]
[kute-themes.com/html/kuteshop/html/assets/data/option12/men.png]
[kute-themes.com/html/kuteshop/html/assets/data/option12/Accessory.png]
[kute-themes.com/html/kuteshop/html/assets/images/iconcart-13.png]
[kute-themes.com/html/kuteshop/html/assets/images/kak4.png]
[kute-themes.com/html/kuteshop/html/assets/images/bg-hotdeal.jpg]
[kute-themes.com/html/kuteshop/html/assets/images/bg-block-newsletter.jpg]
[kute-themes.com/html/kuteshop/html/assets/images/icon-subscribe.png]
[kute-themes.com/html/kuteshop/html/assets/css/style.css]
[kute-themes.com/html/kuteshop/html/assets/css/responsive.css]
[kute-themes.com/html/kuteshop/html/assets/images/heart-icon.png]
[kute-themes.com/html/kuteshop/html/assets/images/user-icon.png]
[kute-themes.com/html/kuteshop/html/assets/images/cart-icon.png]
[kute-themes.com/html/kuteshop/html/assets/images/notify-right-red.png]
[kute-themes.com/html/kuteshop/html/assets/css/option3.css]
[kute-themes.com/html/kuteshop/html/assets/images/phone.png]
[kute-themes.com/html/kuteshop/html/assets/images/email.png]
[kute-themes.com/html/kuteshop/html/assets/images/logo.png]
[kute-themes.com/html/kuteshop/html/assets/data/1.png]
[kute-themes.com/html/kuteshop/html/assets/data/2.png]
[kute-themes.com/html/kuteshop/html/assets/data/3.png]
[kute-themes.com/html/kuteshop/html/assets/data/4.png]
[kute-themes.com/html/kuteshop/html/assets/data/5.png]
[kute-themes.com/html/kuteshop/html/assets/data/6.png]
[kute-themes.com/html/kuteshop/html/assets/data/7.png]
[kute-themes.com/html/kuteshop/html/assets/data/8.png]
[kute-themes.com/html/kuteshop/html/assets/data/9.png]
[kute-themes.com/html/kuteshop/html/assets/data/10.png]
[kute-themes.com/html/kuteshop/html/assets/data/11.png]
[kute-themes.com/html/kuteshop/html/assets/data/introduce-logo.png]
[kute-themes.com/html/kuteshop/html/assets/data/trademark-ups.jpg]
[kute-themes.com/html/kuteshop/html/assets/data/trademark-qiwi.jpg]
[kute-themes.com/html/kuteshop/html/assets/data/trademark-wu.jpg]
[kute-themes.com/html/kuteshop/html/assets/data/trademark-cn.jpg]
[kute-themes.com/html/kuteshop/html/assets/data/trademark-visa.jpg]
[kute-themes.com/html/kuteshop/html/assets/data/trademark-mc.jpg]
[kute-themes.com/html/kuteshop/html/assets/data/trademark-ems.jpg]
[kute-themes.com/html/kuteshop/html/assets/data/trademark-dhl.jpg]
[kute-themes.com/html/kuteshop/html/assets/data/trademark-fe.jpg]
[kute-themes.com/html/kuteshop/html/assets/data/trademark-wm.jpg]
[kute-themes.com/html/kuteshop/html/assets/lib/jquery.countdown/jquery.countdown.min.js]
[kute-themes.com/html/kuteshop/html/assets/lib/jquery-ui/jquery-ui.min.js]
[kute-themes.com/html/kuteshop/html/login.html]
[kute-themes.com/html/kuteshop/html/assets/data/slide.jpg]
[kute-themes.com/html/kuteshop/html/assets/data/ads1.jpg]
[kute-themes.com/html/kuteshop/html/assets/data/bs1.jpg]
[kute-themes.com/html/kuteshop/html/assets/data/bs2.jpg]
[kute-themes.com/html/kuteshop/html/assets/data/bs3.jpg]
[kute-themes.com/html/kuteshop/html/assets/data/bs4.jpg]
[kute-themes.com/html/kuteshop/html/assets/data/p48.jpg]
[kute-themes.com/html/kuteshop/html/assets/data/p49.jpg]
[kute-themes.com/html/kuteshop/html/assets/data/p50.jpg]
[kute-themes.com/html/kuteshop/html/assets/data/p51.jpg]
[kute-themes.com/html/kuteshop/html/assets/data/p60.jpg]
[kute-themes.com/html/kuteshop/html/assets/data/p61.jpg]
[kute-themes.com/html/kuteshop/html/assets/data/p62.jpg]
[kute-themes.com/html/kuteshop/html/assets/data/p63.jpg]
[kute-themes.com/html/kuteshop/html/assets/data/ld1.jpg]
[kute-themes.com/html/kuteshop/html/assets/data/ld2.jpg]
[kute-themes.com/html/kuteshop/html/assets/data/ld3.jpg]
[kute-themes.com/html/kuteshop/html/assets/data/fashion.png]
[kute-themes.com/html/kuteshop/html/assets/data/ads2.jpg]
[kute-themes.com/html/kuteshop/html/assets/data/ads3.jpg]
[kute-themes.com/html/kuteshop/html/assets/data/f1.jpg]
[kute-themes.com/html/kuteshop/html/assets/data/01_blue-dress.jpg]
[kute-themes.com/html/kuteshop/html/assets/data/02_yellow-dress.jpg]
[kute-themes.com/html/kuteshop/html/assets/data/03_cyan-dress.jpg]
[kute-themes.com/html/kuteshop/html/assets/data/04_nice-dress.jpg]
[kute-themes.com/html/kuteshop/html/assets/data/05_flowers-dress.jpg]
[kute-themes.com/html/kuteshop/html/assets/data/06_red-dress.jpg]
[kute-themes.com/html/kuteshop/html/assets/data/sports.png]
[kute-themes.com/html/kuteshop/html/assets/data/ads6.jpg]
[kute-themes.com/html/kuteshop/html/assets/data/ads7.jpg]
[kute-themes.com/html/kuteshop/html/assets/data/f2.jpg]
[kute-themes.com/html/kuteshop/html/assets/data/p14.jpg]
[kute-themes.com/html/kuteshop/html/assets/data/p15.jpg]
[kute-themes.com/html/kuteshop/html/assets/data/p16.jpg]
[kute-themes.com/html/kuteshop/html/assets/data/p17.jpg]
[kute-themes.com/html/kuteshop/html/assets/data/electronic.png]
[kute-themes.com/html/kuteshop/html/assets/data/ads8.jpg]
[kute-themes.com/html/kuteshop/html/assets/data/ads9.jpg]
[kute-themes.com/html/kuteshop/html/assets/data/f3.jpg]
[kute-themes.com/html/kuteshop/html/assets/data/p18.jpg]
[kute-themes.com/html/kuteshop/html/assets/data/p19.jpg]
[kute-themes.com/html/kuteshop/html/assets/data/p20.jpg]
[kute-themes.com/html/kuteshop/html/assets/data/p21.jpg]
[kute-themes.com/html/kuteshop/html/assets/data/digital.png]
[kute-themes.com/html/kuteshop/html/assets/data/ads10.jpg]
[kute-themes.com/html/kuteshop/html/assets/data/ads11.jpg]
[kute-themes.com/html/kuteshop/html/assets/data/f4.jpg]
[kute-themes.com/html/kuteshop/html/assets/data/p22.jpg]
[kute-themes.com/html/kuteshop/html/assets/data/p23.jpg]
[kute-themes.com/html/kuteshop/html/assets/data/p24.jpg]
[kute-themes.com/html/kuteshop/html/assets/data/p25.jpg]
[kute-themes.com/html/kuteshop/html/assets/data/furniture.png]
[kute-themes.com/html/kuteshop/html/assets/data/ads12.jpg]
[kute-themes.com/html/kuteshop/html/assets/data/ads13.jpg]
[kute-themes.com/html/kuteshop/html/assets/data/f5.jpg]
[kute-themes.com/html/kuteshop/html/assets/data/p26.jpg]
[kute-themes.com/html/kuteshop/html/assets/data/p27.jpg]
[kute-themes.com/html/kuteshop/html/assets/data/p28.jpg]
[kute-themes.com/html/kuteshop/html/assets/data/p29.jpg]
[kute-themes.com/html/kuteshop/html/assets/data/jewelry.png]
[kute-themes.com/html/kuteshop/html/assets/data/ads14.jpg]
[kute-themes.com/html/kuteshop/html/assets/data/ads15.jpg]
[kute-themes.com/html/kuteshop/html/assets/data/f6.jpg]
[kute-themes.com/html/kuteshop/html/assets/data/p30.jpg]
[kute-themes.com/html/kuteshop/html/assets/data/p31.jpg]
[kute-themes.com/html/kuteshop/html/assets/data/p32.jpg]
[kute-themes.com/html/kuteshop/html/assets/data/p33.jpg]
[kute-themes.com/html/kuteshop/html/assets/data/ads17.jpg]
[kute-themes.com/html/kuteshop/html/assets/data/ads18.jpg]
[kute-themes.com/html/kuteshop/html/assets/data/gucci.png]
[kute-themes.com/html/kuteshop/html/assets/data/trademark.jpg]
[kute-themes.com/html/kuteshop/html/assets/data/cate-product1.png]
[kute-themes.com/html/kuteshop/html/assets/data/cate-product2.png]
[kute-themes.com/html/kuteshop/html/assets/data/cate-product3.png]
[kute-themes.com/html/kuteshop/html/assets/data/cate-product4.png]
[kute-themes.com/html/kuteshop/html/assets/data/cate-product5.png]
[kute-themes.com/html/kuteshop/html/assets/data/cate-product6.png]
[kute-themes.com/html/kuteshop/html/assets/data/cate-product7.png]
[kute-themes.com/html/kuteshop/html/assets/data/cate-product8.png]
[kute-themes.com/html/kuteshop/html/assets/lib/jquery.elevatezoom.js]
[kute-themes.com/html/kuteshop/html/index.html]
[kute-themes.com/html/kuteshop/html/cart.html]
[kute-themes.com/html/kuteshop/html/order.html]
[kute-themes.com/html/kuteshop/html/assets/data/slide-left.jpg]
[kute-themes.com/html/kuteshop/html/assets/data/slide-left2.jpg]
[kute-themes.com/html/kuteshop/html/assets/data/slide-left3.png]
[kute-themes.com/html/kuteshop/html/assets/data/testimonial.jpg]
[kute-themes.com/html/kuteshop/html/assets/data/category-slide.jpg]
[kute-themes.com/html/kuteshop/html/assets/data/slide-cart2.jpg]
[kute-themes.com/html/kuteshop/html/assets/data/p40.jpg]
[kute-themes.com/html/kuteshop/html/assets/data/p35.jpg]
[kute-themes.com/html/kuteshop/html/assets/data/p41.jpg]
[kute-themes.com/html/kuteshop/html/assets/data/p37.jpg]
[kute-themes.com/html/kuteshop/html/assets/data/p38.jpg]
[kute-themes.com/html/kuteshop/html/assets/data/p39.jpg]
[kute-themes.com/html/kuteshop/html/assets/data/product-300x366.jpg]
[kute-themes.com/html/kuteshop/html/assets/data/p36.jpg]
[kute-themes.com/html/kuteshop/html/assets/data/p42.jpg]
[kute-themes.com/html/kuteshop/html/assets/data/p34.jpg]
[kute-themes.com/html/kuteshop/html/assets/data/p89.jpg]
[kute-themes.com/html/kuteshop/html/assets/data/p90.jpg]
[kute-themes.com/html/kuteshop/html/assets/data/p91.jpg]
[kute-themes.com/html/kuteshop/html/assets/data/p92.jpg]
[kute-themes.com/html/kuteshop/html/assets/data/p93.jpg]
[kute-themes.com/html/kuteshop/html/assets/data/p94.jpg]
[kute-themes.com/html/kuteshop/html/assets/data/p95.jpg]
[kute-themes.com/html/kuteshop/html/assets/data/p96.jpg]
[kute-themes.com/html/kuteshop/html/category.html]
[kute-themes.com/html/kuteshop/html/assets/data/sub-cat1.jpg]
[kute-themes.com/html/kuteshop/html/assets/data/sub-cat2.jpg]
[kute-themes.com/html/kuteshop/html/assets/data/sub-cat3.jpg]
[kute-themes.com/html/kuteshop/html/assets/data/sub-cat4.jpg]
[kute-themes.com/html/kuteshop/html/category2.html]
[kute-themes.com/html/kuteshop/html/assets/images/logo2.png]
[kute-themes.com/html/kuteshop/html/assets/data/slide-option2.jpg]
[kute-themes.com/html/kuteshop/html/assets/data/ld9.jpg]
[kute-themes.com/html/kuteshop/html/assets/data/p44.jpg]
[kute-themes.com/html/kuteshop/html/assets/data/ld8.jpg]
[kute-themes.com/html/kuteshop/html/assets/data/ld6.jpg]
[kute-themes.com/html/kuteshop/html/assets/data/ld4.jpg]
[kute-themes.com/html/kuteshop/html/assets/data/icon-fashion.png]
[kute-themes.com/html/kuteshop/html/assets/data/banner-product1.jpg]
[kute-themes.com/html/kuteshop/html/assets/data/p52.jpg]
[kute-themes.com/html/kuteshop/html/assets/data/p53.jpg]
[kute-themes.com/html/kuteshop/html/assets/data/icon-sports.png]
[kute-themes.com/html/kuteshop/html/assets/data/p54.jpg]
[kute-themes.com/html/kuteshop/html/assets/data/p58.jpg]
[kute-themes.com/html/kuteshop/html/assets/data/sport1.jpg]
[kute-themes.com/html/kuteshop/html/assets/data/p55.jpg]
[kute-themes.com/html/kuteshop/html/assets/data/p56.jpg]
[kute-themes.com/html/kuteshop/html/assets/data/p57.jpg]
[kute-themes.com/html/kuteshop/html/assets/data/p59.jpg]
[kute-themes.com/html/kuteshop/html/assets/data/sport2.jpg]
[kute-themes.com/html/kuteshop/html/assets/data/icon-electronic.png]
[kute-themes.com/html/kuteshop/html/assets/data/banner-product2.jpg]
[kute-themes.com/html/kuteshop/html/assets/data/p64.jpg]
[kute-themes.com/html/kuteshop/html/assets/data/p65.jpg]
[kute-themes.com/html/kuteshop/html/assets/data/p66.jpg]
[kute-themes.com/html/kuteshop/html/assets/data/icon-digital.png]
[kute-themes.com/html/kuteshop/html/assets/data/m1.jpg]
[kute-themes.com/html/kuteshop/html/assets/data/m2.jpg]
[kute-themes.com/html/kuteshop/html/assets/data/m3.jpg]
[kute-themes.com/html/kuteshop/html/assets/data/m4.jpg]
[kute-themes.com/html/kuteshop/html/assets/data/m5.jpg]
[kute-themes.com/html/kuteshop/html/assets/data/m6.jpg]
[kute-themes.com/html/kuteshop/html/assets/data/m7.jpg]
[kute-themes.com/html/kuteshop/html/assets/data/m8.jpg]
[kute-themes.com/html/kuteshop/html/assets/data/p67.jpg]
[kute-themes.com/html/kuteshop/html/assets/data/p68.jpg]
[kute-themes.com/html/kuteshop/html/assets/data/p69.jpg]
[kute-themes.com/html/kuteshop/html/assets/data/p70.jpg]
[kute-themes.com/html/kuteshop/html/assets/data/p71.jpg]
[kute-themes.com/html/kuteshop/html/assets/data/p72.jpg]
[kute-themes.com/html/kuteshop/html/assets/data/p73.jpg]
[kute-themes.com/html/kuteshop/html/assets/data/p74.jpg]
[kute-themes.com/html/kuteshop/html/assets/data/icon-furniture.png]
[kute-themes.com/html/kuteshop/html/assets/data/banner-product3.jpg]
[kute-themes.com/html/kuteshop/html/assets/data/p75.jpg]
[kute-themes.com/html/kuteshop/html/assets/data/p76.jpg]
[kute-themes.com/html/kuteshop/html/assets/data/p77.jpg]
[kute-themes.com/html/kuteshop/html/assets/data/p78.jpg]
[kute-themes.com/html/kuteshop/html/assets/data/p79.jpg]
[kute-themes.com/html/kuteshop/html/assets/data/p80.jpg]
[kute-themes.com/html/kuteshop/html/assets/data/icon-jewelry.png]
[kute-themes.com/html/kuteshop/html/assets/data/banner-intab2.jpg]
[kute-themes.com/html/kuteshop/html/assets/data/jewelry-slide.jpg]
[kute-themes.com/html/kuteshop/html/assets/data/p81.jpg]
[kute-themes.com/html/kuteshop/html/assets/data/p82.jpg]
[kute-themes.com/html/kuteshop/html/assets/data/p83.jpg]
[kute-themes.com/html/kuteshop/html/assets/data/p84.jpg]
[kute-themes.com/html/kuteshop/html/assets/data/p85.jpg]
[kute-themes.com/html/kuteshop/html/assets/data/p86.jpg]
[kute-themes.com/html/kuteshop/html/assets/data/p87.jpg]
[kute-themes.com/html/kuteshop/html/assets/data/p88.jpg]
[kute-themes.com/html/kuteshop/html/assets/data/banner-botom1.jpg]
[kute-themes.com/html/kuteshop/html/assets/data/banner-bottom2.jpg]
[kute-themes.com/html/kuteshop/html/assets/data/blog1.jpg]
[kute-themes.com/html/kuteshop/html/assets/data/blog2.jpg]
[kute-themes.com/html/kuteshop/html/assets/data/blog3.jpg]
[kute-themes.com/html/kuteshop/html/assets/data/blog4.jpg]
[kute-themes.com/html/kuteshop/html/assets/data/icon-s1.png]
[kute-themes.com/html/kuteshop/html/assets/data/icon-s2.png]
[kute-themes.com/html/kuteshop/html/assets/data/icon-s3.png]
[kute-themes.com/html/kuteshop/html/assets/data/icon-s4.png]
[kute-themes.com/html/kuteshop/html/assets/data/icon-s5.png]
[kute-themes.com/html/kuteshop/html/assets/data/icon-s6.png]
[kute-themes.com/html/kuteshop/html/index2.html]
[kute-themes.com/html/kuteshop/html/assets/data/option4/logo3.png]
[kute-themes.com/html/kuteshop/html/assets/data/option4/slider1.jpg]
[kute-themes.com/html/kuteshop/html/assets/data/option4/slider2.jpg]
[kute-themes.com/html/kuteshop/html/assets/data/option4/slider3.jpg]
[kute-themes.com/html/kuteshop/html/assets/data/option4/banner3.jpg]
[kute-themes.com/html/kuteshop/html/assets/data/option4/banner4.jpg]
[kute-themes.com/html/kuteshop/html/assets/data/option4/banner5.jpg]
[kute-themes.com/html/kuteshop/html/assets/data/option4/banner6.jpg]
[kute-themes.com/html/kuteshop/html/assets/data/option4/p3.jpg]
[kute-themes.com/html/kuteshop/html/assets/data/option4/p4.jpg]
[kute-themes.com/html/kuteshop/html/assets/data/option4/p5.jpg]
[kute-themes.com/html/kuteshop/html/assets/data/option4/p6.jpg]
[kute-themes.com/html/kuteshop/html/assets/data/option4/p7.jpg]
[kute-themes.com/html/kuteshop/html/assets/data/option4/p8.jpg]
[kute-themes.com/html/kuteshop/html/assets/data/option4/p9.jpg]
[kute-themes.com/html/kuteshop/html/assets/data/option4/p10.jpg]
[kute-themes.com/html/kuteshop/html/assets/data/option4/p11.jpg]
[kute-themes.com/html/kuteshop/html/assets/data/option4/p12.jpg]
[kute-themes.com/html/kuteshop/html/assets/data/option4/adv1.jpg]
[kute-themes.com/html/kuteshop/html/assets/data/option4/p13.jpg]
[kute-themes.com/html/kuteshop/html/assets/data/option4/p14.jpg]
[kute-themes.com/html/kuteshop/html/assets/data/option4/p15.jpg]
[kute-themes.com/html/kuteshop/html/assets/data/option4/p16.jpg]
[kute-themes.com/html/kuteshop/html/assets/data/option4/p17.jpg]
[kute-themes.com/html/kuteshop/html/assets/data/option4/p18.jpg]
[kute-themes.com/html/kuteshop/html/assets/data/option4/p19.jpg]
[kute-themes.com/html/kuteshop/html/assets/data/option4/p20.jpg]
[kute-themes.com/html/kuteshop/html/assets/data/option4/p21.jpg]
[kute-themes.com/html/kuteshop/html/assets/data/option4/adv2.jpg]
[kute-themes.com/html/kuteshop/html/assets/data/option4/banner1.jpg]
[kute-themes.com/html/kuteshop/html/assets/data/option4/banner2.jpg]
[kute-themes.com/html/kuteshop/html/assets/data/option4/adv3.jpg]
[kute-themes.com/html/kuteshop/html/assets/data/option4/p22.jpg]
[kute-themes.com/html/kuteshop/html/assets/data/option4/p23.jpg]
[kute-themes.com/html/kuteshop/html/assets/data/option4/p24.jpg]
[kute-themes.com/html/kuteshop/html/assets/data/option4/p25.jpg]
[kute-themes.com/html/kuteshop/html/assets/data/option4/p26.jpg]
[kute-themes.com/html/kuteshop/html/assets/data/option4/p27.jpg]
[kute-themes.com/html/kuteshop/html/assets/data/option4/p28.jpg]
[kute-themes.com/html/kuteshop/html/assets/data/option4/p29.jpg]
[kute-themes.com/html/kuteshop/html/assets/data/option4/p30.jpg]
[kute-themes.com/html/kuteshop/html/assets/data/option4/adv4.jpg]
[kute-themes.com/html/kuteshop/html/assets/data/option4/p40.jpg]
[kute-themes.com/html/kuteshop/html/assets/data/option4/p31.jpg]
[kute-themes.com/html/kuteshop/html/assets/data/option4/p32.jpg]
[kute-themes.com/html/kuteshop/html/assets/data/option4/p33.jpg]
[kute-themes.com/html/kuteshop/html/assets/data/option4/p34.jpg]
[kute-themes.com/html/kuteshop/html/assets/data/option4/p35.jpg]
[kute-themes.com/html/kuteshop/html/assets/data/option4/p36.jpg]
[kute-themes.com/html/kuteshop/html/assets/data/option4/p37.jpg]
[kute-themes.com/html/kuteshop/html/assets/data/option4/p38.jpg]
[kute-themes.com/html/kuteshop/html/assets/data/option4/p39.jpg]
[kute-themes.com/html/kuteshop/html/assets/data/option4/blog1.jpg]
[kute-themes.com/html/kuteshop/html/assets/data/option4/blog2.jpg]
[kute-themes.com/html/kuteshop/html/assets/data/option4/blog3.jpg]
[kute-themes.com/html/kuteshop/html/assets/data/option4/blog4.jpg]
[kute-themes.com/html/kuteshop/html/assets/data/option4/payment-logo.png]
[kute-themes.com/html/kuteshop/html/assets/js/option4.js]
[kute-themes.com/html/kuteshop/html/index4.html]
[kute-themes.com/html/kuteshop/html/assets/data/option5/logo.png]
[kute-themes.com/html/kuteshop/html/assets/data/option5/slide1.jpg]
[kute-themes.com/html/kuteshop/html/assets/data/option5/banner1.jpg]
[kute-themes.com/html/kuteshop/html/assets/data/option5/banner2.jpg]
[kute-themes.com/html/kuteshop/html/assets/data/option5/banner3.jpg]
[kute-themes.com/html/kuteshop/html/assets/data/option5/banner4.jpg]
[kute-themes.com/html/kuteshop/html/assets/data/option5/banner5.jpg]
[kute-themes.com/html/kuteshop/html/assets/data/option5/banner6.jpg]
[kute-themes.com/html/kuteshop/html/assets/data/option5/p5.jpg]
[kute-themes.com/html/kuteshop/html/assets/data/option5/p70.jpg]
[kute-themes.com/html/kuteshop/html/assets/data/option5/p71.jpg]
[kute-themes.com/html/kuteshop/html/assets/data/option5/p10.jpg]
[kute-themes.com/html/kuteshop/html/assets/data/option5/p6.jpg]
[kute-themes.com/html/kuteshop/html/assets/data/option5/p11.jpg]
[kute-themes.com/html/kuteshop/html/assets/data/option5/banner7.jpg]
[kute-themes.com/html/kuteshop/html/assets/data/option5/p8.jpg]
[kute-themes.com/html/kuteshop/html/assets/data/option5/p9.jpg]
[kute-themes.com/html/kuteshop/html/assets/data/option5/p7.jpg]
[kute-themes.com/html/kuteshop/html/assets/data/option5/p14.jpg]
[kute-themes.com/html/kuteshop/html/assets/data/option5/p12.jpg]
[kute-themes.com/html/kuteshop/html/assets/data/option5/p13.jpg]
[kute-themes.com/html/kuteshop/html/assets/data/option5/banner8.jpg]
[kute-themes.com/html/kuteshop/html/index5.html]
[kute-themes.com/html/kuteshop/html/assets/data/option6/logo.png]
[kute-themes.com/html/kuteshop/html/assets/data/option6/slide1.jpg]
[kute-themes.com/html/kuteshop/html/assets/data/option6/banner9.jpg]
[kute-themes.com/html/kuteshop/html/assets/data/option6/banner10.jpg]
[kute-themes.com/html/kuteshop/html/assets/data/option6/banner11.jpg]
[kute-themes.com/html/kuteshop/html/assets/data/option6/banner-top.jpg]
[kute-themes.com/html/kuteshop/html/assets/data/option6/banner12.jpg]
[kute-themes.com/html/kuteshop/html/assets/data/option6/banner13.jpg]
[kute-themes.com/html/kuteshop/html/assets/data/option6/popular1.jpg]
[kute-themes.com/html/kuteshop/html/assets/data/option6/popular2.jpg]
[kute-themes.com/html/kuteshop/html/assets/data/option6/popular3.jpg]
[kute-themes.com/html/kuteshop/html/assets/data/option6/banner1.jpg]
[kute-themes.com/html/kuteshop/html/assets/data/option6/banner2.jpg]
[kute-themes.com/html/kuteshop/html/assets/data/option6/banner3.jpg]
[kute-themes.com/html/kuteshop/html/assets/data/option6/banner4.jpg]
[kute-themes.com/html/kuteshop/html/assets/data/option6/banner5.jpg]
[kute-themes.com/html/kuteshop/html/assets/data/option6/banner6.jpg]
[kute-themes.com/html/kuteshop/html/assets/data/option6/p5.jpg]
[kute-themes.com/html/kuteshop/html/assets/data/option6/p70.jpg]
[kute-themes.com/html/kuteshop/html/assets/data/option6/p71.jpg]
[kute-themes.com/html/kuteshop/html/assets/data/option6/p10.jpg]
[kute-themes.com/html/kuteshop/html/assets/data/option6/p6.jpg]
[kute-themes.com/html/kuteshop/html/assets/data/option6/p11.jpg]
[kute-themes.com/html/kuteshop/html/assets/data/option6/banner7.jpg]
[kute-themes.com/html/kuteshop/html/assets/data/option6/p8.jpg]
[kute-themes.com/html/kuteshop/html/assets/data/option6/p9.jpg]
[kute-themes.com/html/kuteshop/html/assets/data/option6/p7.jpg]
[kute-themes.com/html/kuteshop/html/assets/data/option6/p14.jpg]
[kute-themes.com/html/kuteshop/html/assets/data/option6/p12.jpg]
[kute-themes.com/html/kuteshop/html/assets/data/option6/p13.jpg]
[kute-themes.com/html/kuteshop/html/assets/data/option6/banner8.jpg]
[kute-themes.com/html/kuteshop/html/assets/data/option6/band-logo.png]
[kute-themes.com/html/kuteshop/html/assets/data/option6/blog1.jpg]
[kute-themes.com/html/kuteshop/html/assets/data/option6/blog2.jpg]
[kute-themes.com/html/kuteshop/html/assets/data/option6/blog3.jpg]
[kute-themes.com/html/kuteshop/html/assets/data/option6/blog4.jpg]
[kute-themes.com/html/kuteshop/html/assets/data/option6/logo-footer.png]
[kute-themes.com/html/kuteshop/html/index6.html]
[kute-themes.com/html/kuteshop/html/assets/data/option7/logo.png]
[kute-themes.com/html/kuteshop/html/assets/data/option7/s1.png]
[kute-themes.com/html/kuteshop/html/assets/data/option7/s2.png]
[kute-themes.com/html/kuteshop/html/assets/data/option7/s3.png]
[kute-themes.com/html/kuteshop/html/assets/data/option7/s4.png]
[kute-themes.com/html/kuteshop/html/assets/data/option7/slider1.jpg]
[kute-themes.com/html/kuteshop/html/assets/data/option7/b1.jpg]
[kute-themes.com/html/kuteshop/html/assets/data/option7/b2.jpg]
[kute-themes.com/html/kuteshop/html/assets/data/option7/p1.jpg]
[kute-themes.com/html/kuteshop/html/assets/data/option7/p2.jpg]
[kute-themes.com/html/kuteshop/html/assets/data/option7/p3.jpg]
[kute-themes.com/html/kuteshop/html/assets/data/option7/p4.jpg]
[kute-themes.com/html/kuteshop/html/assets/data/option7/p5.jpg]
[kute-themes.com/html/kuteshop/html/assets/data/option7/i1.png]
[kute-themes.com/html/kuteshop/html/assets/data/option7/b3.jpg]
[kute-themes.com/html/kuteshop/html/assets/data/option7/p6.jpg]
[kute-themes.com/html/kuteshop/html/assets/data/option7/p7.jpg]
[kute-themes.com/html/kuteshop/html/assets/data/option7/p8.jpg]
[kute-themes.com/html/kuteshop/html/assets/data/option7/p9.jpg]
[kute-themes.com/html/kuteshop/html/assets/data/option7/p10.jpg]
[kute-themes.com/html/kuteshop/html/assets/data/option7/p11.jpg]
[kute-themes.com/html/kuteshop/html/assets/data/option7/p12.jpg]
[kute-themes.com/html/kuteshop/html/assets/data/option7/p13.jpg]
[kute-themes.com/html/kuteshop/html/assets/data/option7/i2.png]
[kute-themes.com/html/kuteshop/html/assets/data/option7/b4.jpg]
[kute-themes.com/html/kuteshop/html/assets/data/option7/p14.jpg]
[kute-themes.com/html/kuteshop/html/assets/data/option7/p15.jpg]
[kute-themes.com/html/kuteshop/html/assets/data/option7/p16.jpg]
[kute-themes.com/html/kuteshop/html/assets/data/option7/p17.jpg]
[kute-themes.com/html/kuteshop/html/assets/data/option7/p18.jpg]
[kute-themes.com/html/kuteshop/html/assets/data/option7/p19.jpg]
[kute-themes.com/html/kuteshop/html/assets/data/option7/p20.jpg]
[kute-themes.com/html/kuteshop/html/assets/data/option7/p21.jpg]
[kute-themes.com/html/kuteshop/html/assets/data/option7/i3.png]
[kute-themes.com/html/kuteshop/html/assets/data/option7/b5.jpg]
[kute-themes.com/html/kuteshop/html/assets/data/option7/p22.jpg]
[kute-themes.com/html/kuteshop/html/assets/data/option7/p23.jpg]
[kute-themes.com/html/kuteshop/html/assets/data/option7/p24.jpg]
[kute-themes.com/html/kuteshop/html/assets/data/option7/p25.jpg]
[kute-themes.com/html/kuteshop/html/assets/data/option7/p26.jpg]
[kute-themes.com/html/kuteshop/html/assets/data/option7/p27.jpg]
[kute-themes.com/html/kuteshop/html/assets/data/option7/p28.jpg]
[kute-themes.com/html/kuteshop/html/assets/data/option7/p29.jpg]
[kute-themes.com/html/kuteshop/html/assets/data/option7/i4.png]
[kute-themes.com/html/kuteshop/html/assets/data/option7/b6.jpg]
[kute-themes.com/html/kuteshop/html/assets/data/option7/p30.jpg]
[kute-themes.com/html/kuteshop/html/assets/data/option7/p31.jpg]
[kute-themes.com/html/kuteshop/html/assets/data/option7/p32.jpg]
[kute-themes.com/html/kuteshop/html/assets/data/option7/p33.jpg]
[kute-themes.com/html/kuteshop/html/assets/data/option7/p34.jpg]
[kute-themes.com/html/kuteshop/html/assets/data/option7/p35.jpg]
[kute-themes.com/html/kuteshop/html/assets/data/option7/p36.jpg]
[kute-themes.com/html/kuteshop/html/assets/data/option7/p37.jpg]
[kute-themes.com/html/kuteshop/html/assets/data/option7/i5.png]
[kute-themes.com/html/kuteshop/html/assets/data/option7/b7.jpg]
[kute-themes.com/html/kuteshop/html/assets/data/option7/p38.jpg]
[kute-themes.com/html/kuteshop/html/assets/data/option7/p39.jpg]
[kute-themes.com/html/kuteshop/html/assets/data/option7/p40.jpg]
[kute-themes.com/html/kuteshop/html/assets/data/option7/p41.jpg]
[kute-themes.com/html/kuteshop/html/assets/data/option7/p42.jpg]
[kute-themes.com/html/kuteshop/html/assets/data/option7/p43.jpg]
[kute-themes.com/html/kuteshop/html/assets/data/option7/p44.jpg]
[kute-themes.com/html/kuteshop/html/assets/data/option7/p45.jpg]
[kute-themes.com/html/kuteshop/html/assets/data/option7/i6.png]
[kute-themes.com/html/kuteshop/html/assets/data/option7/b8.jpg]
[kute-themes.com/html/kuteshop/html/assets/data/option7/p46.jpg]
[kute-themes.com/html/kuteshop/html/assets/data/option7/p47.jpg]
[kute-themes.com/html/kuteshop/html/assets/data/option7/p48.jpg]
[kute-themes.com/html/kuteshop/html/assets/data/option7/p49.jpg]
[kute-themes.com/html/kuteshop/html/assets/data/option7/p50.jpg]
[kute-themes.com/html/kuteshop/html/assets/data/option7/p51.jpg]
[kute-themes.com/html/kuteshop/html/assets/data/option7/p52.jpg]
[kute-themes.com/html/kuteshop/html/assets/data/option7/p53.jpg]
[kute-themes.com/html/kuteshop/html/assets/data/option7/blog1.jpg]
[kute-themes.com/html/kuteshop/html/assets/data/option7/blog2.jpg]
[kute-themes.com/html/kuteshop/html/assets/data/option7/blog3.jpg]
[kute-themes.com/html/kuteshop/html/assets/data/option7/blog4.jpg]
[kute-themes.com/html/kuteshop/html/assets/data/option7/logo2.png]
[kute-themes.com/html/kuteshop/html/assets/data/option7/payment.png]
[kute-themes.com/html/kuteshop/html/index7.html]
[kute-themes.com/html/kuteshop/html/assets/data/option8/logo.png]
[kute-themes.com/html/kuteshop/html/assets/data/option8/slider1.jpg]
[kute-themes.com/html/kuteshop/html/assets/data/option8/slider2.jpg]
[kute-themes.com/html/kuteshop/html/assets/data/option8/b1.jpg]
[kute-themes.com/html/kuteshop/html/assets/data/option8/b2.jpg]
[kute-themes.com/html/kuteshop/html/assets/data/option8/b3.jpg]
[kute-themes.com/html/kuteshop/html/assets/data/option8/p1.jpg]
[kute-themes.com/html/kuteshop/html/assets/data/option8/p1-1.jpg]
[kute-themes.com/html/kuteshop/html/assets/data/option8/p2.jpg]
[kute-themes.com/html/kuteshop/html/assets/data/option8/p2-1.jpg]
[kute-themes.com/html/kuteshop/html/assets/data/option8/p3.jpg]
[kute-themes.com/html/kuteshop/html/assets/data/option8/p3-1.jpg]
[kute-themes.com/html/kuteshop/html/assets/data/option8/p4.jpg]
[kute-themes.com/html/kuteshop/html/assets/data/option8/p4-1.jpg]
[kute-themes.com/html/kuteshop/html/assets/data/option8/p6.jpg]
[kute-themes.com/html/kuteshop/html/assets/data/option8/p6-1.jpg]
[kute-themes.com/html/kuteshop/html/assets/data/option8/p7.jpg]
[kute-themes.com/html/kuteshop/html/assets/data/option8/p7-1.jpg]
[kute-themes.com/html/kuteshop/html/assets/data/option8/p8.jpg]
[kute-themes.com/html/kuteshop/html/assets/data/option8/p8-1.jpg]
[kute-themes.com/html/kuteshop/html/assets/data/option8/loock-boock1.jpg]
[kute-themes.com/html/kuteshop/html/assets/data/option8/loock-boock2.jpg]
[kute-themes.com/html/kuteshop/html/assets/data/option8/loock-boock3.jpg]
[kute-themes.com/html/kuteshop/html/assets/data/option8/loock-boock4.jpg]
[kute-themes.com/html/kuteshop/html/assets/data/option8/p9.jpg]
[kute-themes.com/html/kuteshop/html/assets/data/option8/p9-1.jpg]
[kute-themes.com/html/kuteshop/html/assets/data/option8/p10.jpg]
[kute-themes.com/html/kuteshop/html/assets/data/option8/p10-1.jpg]
[kute-themes.com/html/kuteshop/html/assets/data/option8/p11.jpg]
[kute-themes.com/html/kuteshop/html/assets/data/option8/p11-1.jpg]
[kute-themes.com/html/kuteshop/html/assets/data/option8/p12.jpg]
[kute-themes.com/html/kuteshop/html/assets/data/option8/p12-1.jpg]
[kute-themes.com/html/kuteshop/html/assets/data/option8/collection1.jpg]
[kute-themes.com/html/kuteshop/html/assets/data/option8/collection2.jpg]
[kute-themes.com/html/kuteshop/html/assets/data/option8/collection3.jpg]
[kute-themes.com/html/kuteshop/html/assets/data/option8/collection4.jpg]
[kute-themes.com/html/kuteshop/html/assets/data/option8/collection5.jpg]
[kute-themes.com/html/kuteshop/html/assets/data/option8/collection6.jpg]
[kute-themes.com/html/kuteshop/html/assets/data/option8/testimonials1.jpg]
[kute-themes.com/html/kuteshop/html/assets/data/option8/testimonials2.jpg]
[kute-themes.com/html/kuteshop/html/assets/data/option8/testimonials3.jpg]
[kute-themes.com/html/kuteshop/html/assets/data/option8/blog1.jpg]
[kute-themes.com/html/kuteshop/html/assets/data/option8/blog2.jpg]
[kute-themes.com/html/kuteshop/html/assets/data/option8/blog3.jpg]
[kute-themes.com/html/kuteshop/html/assets/data/option8/blog4.jpg]
[kute-themes.com/html/kuteshop/html/assets/data/option8/l1.jpg]
[kute-themes.com/html/kuteshop/html/assets/data/option8/l2.jpg]
[kute-themes.com/html/kuteshop/html/assets/data/option8/l3.jpg]
[kute-themes.com/html/kuteshop/html/assets/data/option8/l4.jpg]
[kute-themes.com/html/kuteshop/html/assets/data/option8/l5.jpg]
[kute-themes.com/html/kuteshop/html/assets/data/option8/l6.jpg]
[kute-themes.com/html/kuteshop/html/assets/lib/parallax/jquery.parallax-1.1.3.js]
[kute-themes.com/html/kuteshop/html/assets/js/option8.js]
[kute-themes.com/html/kuteshop/html/index8.html]
[kute-themes.com/html/kuteshop/html/assets/data/product-260x317.jpg]
[kute-themes.com/html/kuteshop/html/assets/data/ads-banner.jpg]
[kute-themes.com/html/kuteshop/html/assets/data/product-s3-420x512.jpg]
[kute-themes.com/html/kuteshop/html/assets/data/product-s3-850x1036.jpg]
[kute-themes.com/html/kuteshop/html/assets/data/product-s3-100x122.jpg]
[kute-themes.com/html/kuteshop/html/assets/data/product-s2-850x1036.jpg]
[kute-themes.com/html/kuteshop/html/assets/data/product-s2-100x122.jpg]
[kute-themes.com/html/kuteshop/html/assets/data/product-850x1036.jpg]
[kute-themes.com/html/kuteshop/html/assets/data/product-s4-850x1036.jpg]
[kute-themes.com/html/kuteshop/html/assets/data/product-s4-100x122.jpg]
[kute-themes.com/html/kuteshop/html/assets/data/product-s5-850x1036.jpg]
[kute-themes.com/html/kuteshop/html/assets/data/product-s6-850x1036.jpg]
[kute-themes.com/html/kuteshop/html/assets/data/product-s6-100x122.jpg]
[kute-themes.com/html/kuteshop/html/assets/data/size-chart.jpg]
[kute-themes.com/html/kuteshop/html/assets/data/p97.jpg]
[kute-themes.com/html/kuteshop/html/detail.html]
[kute-themes.com/html/kuteshop/html/detail2.html]
[kute-themes.com/html/kuteshop/html/detail3.html]
[kute-themes.com/html/kuteshop/html/assets/data/wishlist1.jpg]
[kute-themes.com/html/kuteshop/html/assets/data/wishlist2.jpg]
[kute-themes.com/html/kuteshop/html/assets/data/wishlist3.jpg]
[kute-themes.com/html/kuteshop/html/assets/data/wishlist4.jpg]
[kute-themes.com/html/kuteshop/html/assets/data/wishlist5.jpg]
[kute-themes.com/html/kuteshop/html/assets/data/wishlist6.jpg]
[kute-themes.com/html/kuteshop/html/assets/data/wishlist7.jpg]
[kute-themes.com/html/kuteshop/html/assets/data/wishlist8.jpg]
[kute-themes.com/html/kuteshop/html/wishlist.html]
[kute-themes.com/html/kuteshop/html/compare.html]
[kute-themes.com/html/kuteshop/html/checkout.html]
[kute-themes.com/html/kuteshop/html/assets/data/blog-thumb1.jpg]
[kute-themes.com/html/kuteshop/html/assets/data/blog-thumb2.jpg]
[kute-themes.com/html/kuteshop/html/assets/data/blog-thumb3.jpg]
[kute-themes.com/html/kuteshop/html/assets/data/blog-1.jpg]
[kute-themes.com/html/kuteshop/html/assets/data/blog-2.jpg]
[kute-themes.com/html/kuteshop/html/assets/data/blog-3.jpg]
[kute-themes.com/html/kuteshop/html/assets/data/blog-4.jpg]
[kute-themes.com/html/kuteshop/html/assets/data/blog-5.jpg]
[kute-themes.com/html/kuteshop/html/assets/data/blog-6.jpg]
[kute-themes.com/html/kuteshop/html/assets/data/blog-7.jpg]
[kute-themes.com/html/kuteshop/html/blog.html]
[kute-themes.com/html/kuteshop/html/assets/data/blog-full.jpg]
[kute-themes.com/html/kuteshop/html/assets/data/avatar.png]
[kute-themes.com/html/kuteshop/html/blog-detail.html]
[kute-themes.com/html/kuteshop/html/assets/data/about-us.jpg]
[kute-themes.com/html/kuteshop/html/about.html]
[kute-themes.com/html/kuteshop/html/contact.html]
[kute-themes.com/html/kuteshop/html/assets/lib/bootstrap/fonts/glyphicons-halflings-regular.svg]
[kute-themes.com/html/kuteshop/html/assets/lib/font-awesome/fonts/fontawesome-webfonte0a5.svg]
[kute-themes.com/html/kuteshop/html/assets/lib/owl.carousel/owl.video.play.html]
[kute-themes.com/html/kuteshop/html/assets/images/icon-clock.png]
[kute-themes.com/html/kuteshop/html/assets/images/icon-angle-right.png]
[kute-themes.com/html/kuteshop/html/assets/images/next.png]
[kute-themes.com/html/kuteshop/html/assets/images/prev.png]
[kute-themes.com/html/kuteshop/html/assets/images/sale-bg.png]
[kute-themes.com/html/kuteshop/html/assets/images/icon-cart-option2.png]
[kute-themes.com/html/kuteshop/html/assets/css/option2.css]
[kute-themes.com/html/kuteshop/html/assets/images/cart-icon4.png]
[kute-themes.com/html/kuteshop/html/assets/images/dropdow.png]
[kute-themes.com/html/kuteshop/html/assets/css/option4.css]
[kute-themes.com/html/kuteshop/html/assets/images/icon-cart-round5.png]
[kute-themes.com/html/kuteshop/html/assets/images/icon-heart-round5.png]
[kute-themes.com/html/kuteshop/html/assets/images/icon-compare-round5.png]
[kute-themes.com/html/kuteshop/html/assets/images/kak2.png]
[kute-themes.com/html/kuteshop/html/assets/css/option5.css]
[kute-themes.com/html/kuteshop/html/assets/images/notify-right-6.png]
[kute-themes.com/html/kuteshop/html/assets/images/icon-cart-round6.png]
[kute-themes.com/html/kuteshop/html/assets/images/icon-heart-round6.png]
[kute-themes.com/html/kuteshop/html/assets/images/icon-compare-round6.png]
[kute-themes.com/html/kuteshop/html/assets/images/cat-br1.png]
[kute-themes.com/html/kuteshop/html/assets/images/cat-br2.png]
[kute-themes.com/html/kuteshop/html/assets/images/cat-br3.png]
[kute-themes.com/html/kuteshop/html/assets/css/option6.css]
[kute-themes.com/html/kuteshop/html/assets/images/icon-cart-topbar7.png]
[kute-themes.com/html/kuteshop/html/assets/images/notify-right-7.png]
[kute-themes.com/html/kuteshop/html/assets/images/r7.png]
[kute-themes.com/html/kuteshop/html/assets/images/prev7.png]
[kute-themes.com/html/kuteshop/html/assets/images/next7.png]
[kute-themes.com/html/kuteshop/html/assets/images/icon-serach7.png]
[kute-themes.com/html/kuteshop/html/assets/images/icon-withlist7.png]
[kute-themes.com/html/kuteshop/html/assets/images/icon-compare7.png]
[kute-themes.com/html/kuteshop/html/assets/images/icon-cart7.png]
[kute-themes.com/html/kuteshop/html/assets/images/qick-view7.png]
[kute-themes.com/html/kuteshop/html/assets/images/icon-new7.png]
[kute-themes.com/html/kuteshop/html/assets/images/icon-sale7.png]
[kute-themes.com/html/kuteshop/html/assets/css/option7.css]
[kute-themes.com/html/kuteshop/html/assets/images/loock-boock.jpg]
[kute-themes.com/html/kuteshop/html/assets/images/testimonials.jpg]
[kute-themes.com/html/kuteshop/html/assets/css/option8.css]
[kute-themes.com/html/kuteshop/html/assets/data/option8/slider2.jpg]
[kute-themes.com/html/kuteshop/html/assets/data/option8/p4-1.jpg]
[kute-themes.com/html/kuteshop/html/assets/data/option8/p5.jpg]
[kute-themes.com/html/kuteshop/html/wishList-2.html]
[kute-themes.com/html/kuteshop/html/assets/data/option8/p5-1.jpg]
